[2025-07-18 20:21:00] [INFO] Démarrage de l'initialisation du conteneur...
[2025-07-18 20:21:00] [INFO] Vérification des dépendances Python...
[2025-07-18 20:21:00] [INFO] Toutes les dépendances système sont installées
[2025-07-18 20:21:00] [INFO] Attente de 30 secondes pour la base de données...
[2025-07-18 20:21:30] [INFO] Vérification de la connexion à la base de données...
[2025-07-18 20:21:30] [INFO] Connexion à la base de données établie avec succès
[2025-07-18 20:21:30] [INFO] Initialisation de la base de données...
[2025-07-18 20:21:30] [INFO] Tentative 1/5: python scripts/init_db.py
[2025-07-18 20:21:30] [INFO] Succès: python scripts/init_db.py
[2025-07-18 20:21:30] [INFO] Base de données initialisée avec succès
[2025-07-18 20:21:30] [INFO] Démarrage du service d'entraînement automatique...
[2025-07-18 20:21:30] [WARNING] AVERTISSEMENT: Le module src.services.auto_train n'existe pas. Le service ML ne sera pas démarré.
[2025-07-18 20:21:30] [INFO] Démarrage de l'application principale...
[2025-07-18 20:21:30] [INFO] Aucune commande spécifiée, utilisation par défaut: python main.py
[2025-07-18 20:27:27] [INFO] Démarrage de l'initialisation du conteneur...
[2025-07-18 20:27:27] [INFO] Vérification des dépendances Python...
[2025-07-18 20:27:27] [INFO] Toutes les dépendances système sont installées
[2025-07-18 20:27:27] [INFO] Attente de 30 secondes pour la base de données...
[2025-07-18 20:27:57] [INFO] Vérification de la connexion à la base de données...
[2025-07-18 20:27:58] [INFO] Connexion à la base de données établie avec succès
[2025-07-18 20:27:58] [INFO] Initialisation de la base de données...
[2025-07-18 20:27:58] [INFO] Tentative 1/5: python scripts/init_db.py
[2025-07-18 20:27:58] [INFO] Succès: python scripts/init_db.py
[2025-07-18 20:27:58] [INFO] Base de données initialisée avec succès
[2025-07-18 20:27:58] [INFO] Démarrage du service d'entraînement automatique...
[2025-07-18 20:27:58] [WARNING] AVERTISSEMENT: Le module src.services.auto_train n'existe pas. Le service ML ne sera pas démarré.
[2025-07-18 20:27:58] [INFO] Démarrage de l'application principale...
[2025-07-18 20:27:58] [INFO] Aucune commande spécifiée, utilisation par défaut: python main.py
[2025-07-18 20:29:46] [INFO] Démarrage de l'initialisation du conteneur...
[2025-07-18 20:29:46] [INFO] Vérification des dépendances Python...
[2025-07-18 20:29:46] [INFO] Toutes les dépendances système sont installées
[2025-07-18 20:29:46] [INFO] Attente de 30 secondes pour la base de données...
[2025-07-18 20:30:16] [INFO] Vérification de la connexion à la base de données...
[2025-07-18 20:30:16] [INFO] Connexion à la base de données établie avec succès
[2025-07-18 20:30:16] [INFO] Initialisation de la base de données...
[2025-07-18 20:30:16] [INFO] Tentative 1/5: python scripts/init_db.py
[2025-07-18 20:30:16] [INFO] Succès: python scripts/init_db.py
[2025-07-18 20:30:16] [INFO] Base de données initialisée avec succès
[2025-07-18 20:30:16] [INFO] Démarrage du service d'entraînement automatique...
[2025-07-18 20:30:16] [WARNING] AVERTISSEMENT: Le module src.services.auto_train n'existe pas. Le service ML ne sera pas démarré.
[2025-07-18 20:30:16] [INFO] Démarrage de l'application principale...
[2025-07-18 20:30:16] [INFO] Aucune commande spécifiée, utilisation par défaut: python main.py
[2025-07-18 20:33:26] [INFO] Démarrage de l'initialisation du conteneur...
[2025-07-18 20:33:26] [INFO] Vérification des dépendances Python...
[2025-07-18 20:33:26] [INFO] Toutes les dépendances système sont installées
[2025-07-18 20:33:26] [INFO] Attente de 30 secondes pour la base de données...
[2025-07-18 20:33:56] [INFO] Vérification de la connexion à la base de données...
[2025-07-18 20:33:56] [INFO] Connexion à la base de données établie avec succès
[2025-07-18 20:33:56] [INFO] Initialisation de la base de données...
[2025-07-18 20:33:56] [INFO] Tentative 1/5: python scripts/init_db.py
[2025-07-18 20:33:57] [INFO] Succès: python scripts/init_db.py
[2025-07-18 20:33:57] [INFO] Base de données initialisée avec succès
[2025-07-18 20:33:57] [INFO] Démarrage du service d'entraînement automatique...
[2025-07-18 20:33:57] [WARNING] AVERTISSEMENT: Le module src.services.auto_train n'existe pas. Le service ML ne sera pas démarré.
[2025-07-18 20:33:57] [INFO] Démarrage de l'application principale...
[2025-07-18 20:33:57] [INFO] Aucune commande spécifiée, utilisation par défaut: python main.py
[2025-07-18 20:35:00] [INFO] Démarrage de l'initialisation du conteneur...
[2025-07-18 20:35:00] [INFO] Vérification des dépendances Python...
[2025-07-18 20:35:00] [INFO] Toutes les dépendances système sont installées
[2025-07-18 20:35:00] [INFO] Attente de 30 secondes pour la base de données...
[2025-07-18 20:35:30] [INFO] Vérification de la connexion à la base de données...
[2025-07-18 20:35:30] [INFO] Connexion à la base de données établie avec succès
[2025-07-18 20:35:30] [INFO] Initialisation de la base de données...
[2025-07-18 20:35:30] [INFO] Tentative 1/5: python scripts/init_db.py
[2025-07-18 20:35:30] [INFO] Succès: python scripts/init_db.py
[2025-07-18 20:35:30] [INFO] Base de données initialisée avec succès
[2025-07-18 20:35:30] [INFO] Démarrage du service d'entraînement automatique...
[2025-07-18 20:35:30] [WARNING] AVERTISSEMENT: Le module src.services.auto_train n'existe pas. Le service ML ne sera pas démarré.
[2025-07-18 20:35:30] [INFO] Démarrage de l'application principale...
[2025-07-18 20:35:30] [INFO] Aucune commande spécifiée, utilisation par défaut: python main.py
